<?xml version="1.0" encoding="UTF-8"?>
<!-- Generated by org.testng.reporters.JUnitReportReporter -->
<testsuite hostname="DESKTOP-1J68DSO" failures="0" tests="1" name="testPackage.TestClass" time="43.121" errors="0" timestamp="05 Sep 2022 19:09:28 GMT" skipped="0">
  <testcase classname="testPackage.TestClass" name="checkKindlePage" time="43.121"/>
</testsuite> <!-- testPackage.TestClass -->
